<?xml version="1.0" encoding="UTF-8"?>
<!-- Generated by org.testng.reporters.JUnitXMLReporter -->
<testsuite ignored="2" hostname="DESKTOP-M1EM8LH" failures="0" tests="2" name="Test" time="25.32" errors="0" timestamp="2026-03-23T07:02:39 IST">
  <testcase classname="testscripts.LoginTest" name="verifyUserLoginwithValidCredentials" time="5.379"/>
  <testcase classname="testscripts.LoginTest" name="verifyUserLoginwithInValidCredentials" time="1.684"/>
  <testcase classname="testscripts.LoginTest" name="verifyUserLoginwithInValidUsernameAndValidPassword" time="0.0">
    <ignored/>
  </testcase> <!-- verifyUserLoginwithInValidUsernameAndValidPassword -->
  <testcase classname="testscripts.LoginTest" name="verifyUserLoginwithValidUsernameAndInvalidPassword" time="0.0">
    <ignored/>
  </testcase> <!-- verifyUserLoginwithValidUsernameAndInvalidPassword -->
</testsuite> <!-- Test -->
