<?xml version="1.0" encoding="UTF-8"?>
<!-- Generated by org.testng.reporters.JUnitXMLReporter -->
<testsuite ignored="1" hostname="DESKTOP-M1EM8LH" failures="0" tests="2" name="Chrome Test" time="18.569" errors="0" timestamp="2026-03-23T07:30:53 IST">
  <testcase classname="testscripts.ManageNewsTest" name="verifySearchANews" time="4.688"/>
  <testcase classname="testscripts.ManageNewsTest" name="verifyWhetherUserIsAbleToAddANews" time="4.499"/>
  <testcase classname="testscripts.ManageNewsTest" name="verifyUserIsAbleToResetSearchNewsList" time="0.0">
    <ignored/>
  </testcase> <!-- verifyUserIsAbleToResetSearchNewsList -->
</testsuite> <!-- Chrome Test -->
