<?xml version="1.0" encoding="UTF-8"?>
<!-- Generated by org.testng.reporters.JUnitXMLReporter -->
<testsuite ignored="1" hostname="DESKTOP-M1EM8LH" failures="0" tests="2" name="Firefox Test" time="35.525" errors="0" timestamp="2026-03-23T07:31:29 IST">
  <testcase classname="testscripts.ManageNewsTest" name="verifySearchANews" time="4.366"/>
  <testcase classname="testscripts.ManageNewsTest" name="verifyWhetherUserIsAbleToAddANews" time="3.897"/>
  <testcase classname="testscripts.ManageNewsTest" name="verifyUserIsAbleToResetSearchNewsList" time="0.0">
    <ignored/>
  </testcase> <!-- verifyUserIsAbleToResetSearchNewsList -->
</testsuite> <!-- Firefox Test -->
