<?xml version="1.0" encoding="UTF-8"?>
<!-- Generated by org.testng.reporters.JUnitXMLReporter -->
<testsuite ignored="0" hostname="DESKTOP-M1EM8LH" failures="0" tests="3" name="Test1" time="31.24" errors="0" timestamp="2026-03-23T21:22:16 IST">
  <testcase classname="testscripts.ManageNewsTest" name="verifySearchANews" time="4.439"/>
  <testcase classname="testscripts.ManageNewsTest" name="verifyUserIsAbleToResetSearchNewsList" time="3.686"/>
  <testcase classname="testscripts.ManageNewsTest" name="verifyWhetherUserIsAbleToAddANews" time="5.347"/>
</testsuite> <!-- Test1 -->
