<?xml version="1.0" encoding="UTF-8"?>
<!-- Generated by org.testng.reporters.JUnitReportReporter -->
<testsuite hostname="DESKTOP-M1EM8LH" failures="0" tests="3" name="testscripts.LoginTest" time="20.258" errors="0" timestamp="2026-03-25T14:36:56 IST" skipped="0">
  <testcase classname="testscripts.LoginTest" name="verifyUserLoginwithValidCredentials" time="10.473"/>
  <testcase classname="testscripts.LoginTest" name="verifyUserLoginwithInValidCredentials" time="5.141"/>
  <testcase classname="testscripts.LoginTest" name="verifyUserLoginwithInValidCredentials" time="4.644"/>
</testsuite> <!-- testscripts.LoginTest -->
