<?xml version="1.0" encoding="UTF-8"?>
<!-- Generated by org.testng.reporters.JUnitReportReporter -->
<testsuite hostname="DESKTOP-M1EM8LH" failures="0" tests="3" name="testscripts.AdminUsersTest" time="33.126" errors="0" timestamp="2026-03-27T09:14:27 IST" skipped="0">
  <testcase classname="testscripts.AdminUsersTest" name="verifyWhetherUserIsAbleToAddNewUser" time="12.527"/>
  <testcase classname="testscripts.AdminUsersTest" name="verifyUserIsAbleToSearchAUser" time="11.787"/>
  <testcase classname="testscripts.AdminUsersTest" name="verifyUserIsAbleToResetSearchUserList" time="8.812"/>
</testsuite> <!-- testscripts.AdminUsersTest -->
