<?xml version="1.0" encoding="UTF-8"?>
<!-- Generated by org.testng.reporters.JUnitReportReporter -->
<testsuite hostname="DESKTOP-M1EM8LH" failures="0" tests="3" name="testscripts.AdminUsersTest" time="35.031" errors="0" timestamp="2026-03-29T11:43:26 IST" skipped="0">
  <testcase classname="testscripts.AdminUsersTest" name="verifyWhetherUserIsAbleToAddNewUser" time="12.595"/>
  <testcase classname="testscripts.AdminUsersTest" name="verifyUserIsAbleToSearchAUser" time="12.470"/>
  <testcase classname="testscripts.AdminUsersTest" name="verifyUserIsAbleToResetSearchUserList" time="9.966"/>
</testsuite> <!-- testscripts.AdminUsersTest -->
