<?xml version="1.0" encoding="UTF-8"?>
<!-- Generated by org.testng.reporters.JUnitReportReporter -->
<testsuite hostname="DESKTOP-M1EM8LH" failures="0" tests="3" name="testscripts.ManageNewsTest" time="26.643" errors="0" timestamp="2026-03-26T07:38:22 IST" skipped="0">
  <testcase classname="testscripts.ManageNewsTest" name="verifyWhetherUserIsAbleToAddANews" time="11.067"/>
  <testcase classname="testscripts.ManageNewsTest" name="verifySearchANews" time="9.389"/>
  <testcase classname="testscripts.ManageNewsTest" name="verifyUserIsAbleToResetSearchNewsList" time="6.187"/>
</testsuite> <!-- testscripts.ManageNewsTest -->
