<?xml version="1.0" encoding="UTF-8"?>
<!-- Generated by org.testng.reporters.JUnitXMLReporter -->
<testsuite ignored="0" hostname="DESKTOP-M1EM8LH" failures="0" tests="3" name="Test" time="33.24" errors="0" timestamp="2026-03-27T09:14:27 IST">
  <testcase classname="testscripts.AdminUsersTest" name="verifyWhetherUserIsAbleToAddNewUser" time="7.385"/>
  <testcase classname="testscripts.AdminUsersTest" name="verifyUserIsAbleToSearchAUser" time="6.414"/>
  <testcase classname="testscripts.AdminUsersTest" name="verifyUserIsAbleToResetSearchUserList" time="5.823"/>
</testsuite> <!-- Test -->
