<?xml version="1.0" encoding="UTF-8"?>
<!-- Generated by org.testng.reporters.JUnitXMLReporter -->
<testsuite ignored="0" hostname="DESKTOP-M1EM8LH" failures="0" tests="3" name="Test" time="26.779" errors="0" timestamp="2026-03-26T07:38:21 IST">
  <testcase classname="testscripts.ManageNewsTest" name="verifySearchANews" time="4.392"/>
  <testcase classname="testscripts.ManageNewsTest" name="verifyUserIsAbleToResetSearchNewsList" time="3.905"/>
  <testcase classname="testscripts.ManageNewsTest" name="verifyWhetherUserIsAbleToAddANews" time="6.898"/>
</testsuite> <!-- Test -->
