<?xml version="1.0" encoding="UTF-8"?>
<testng-results ignored="0" total="3" passed="3" failed="0" skipped="0">
  <reporter-output>
  </reporter-output>
  <suite started-at="2026-03-27T09:13:53 IST" name="Suite" finished-at="2026-03-27T09:14:26 IST" duration-ms="33240">
    <groups>
    </groups>
    <test started-at="2026-03-27T09:13:53 IST" name="Test" finished-at="2026-03-27T09:14:26 IST" duration-ms="33240">
      <class name="testscripts.AdminUsersTest">
        <test-method is-config="true" signature="browserLaunch(java.lang.String)[pri:0, instance:testscripts.AdminUsersTest@626abbd0]" started-at="2026-03-27T09:13:53 IST" name="browserLaunch" finished-at="2026-03-27T09:13:58 IST" duration-ms="5371" status="PASS">
          <params>
            <param index="0">
              <value>
                <![CDATA[chrome]]>
              </value>
            </param>
          </params>
          <reporter-output>
          </reporter-output>
        </test-method> <!-- browserLaunch -->
        <test-method signature="verifyWhetherUserIsAbleToAddNewUser()[pri:1, instance:testscripts.AdminUsersTest@626abbd0]" started-at="2026-03-27T09:13:58 IST" name="verifyWhetherUserIsAbleToAddNewUser" description="Validating the user is able to adda a new user" finished-at="2026-03-27T09:14:05 IST" duration-ms="7385" status="PASS">
          <reporter-output>
          </reporter-output>
        </test-method> <!-- verifyWhetherUserIsAbleToAddNewUser -->
        <test-method is-config="true" signature="driverQuit(org.testng.ITestResult)[pri:0, instance:testscripts.AdminUsersTest@626abbd0]" started-at="2026-03-27T09:14:05 IST" name="driverQuit" finished-at="2026-03-27T09:14:05 IST" duration-ms="2" status="PASS">
          <params>
            <param index="0">
              <value>
                <![CDATA[[TestResult name=verifyWhetherUserIsAbleToAddNewUser status=SUCCESS method=AdminUsersTest.verifyWhetherUserIsAbleToAddNewUser()[pri:1, instance:testscripts.AdminUsersTest@626abbd0] output={null}]]]>
              </value>
            </param>
          </params>
          <reporter-output>
          </reporter-output>
        </test-method> <!-- driverQuit -->
        <test-method is-config="true" signature="browserLaunch(java.lang.String)[pri:0, instance:testscripts.AdminUsersTest@626abbd0]" started-at="2026-03-27T09:14:05 IST" name="browserLaunch" finished-at="2026-03-27T09:14:08 IST" duration-ms="2988" status="PASS">
          <params>
            <param index="0">
              <value>
                <![CDATA[chrome]]>
              </value>
            </param>
          </params>
          <reporter-output>
          </reporter-output>
        </test-method> <!-- browserLaunch -->
        <test-method signature="verifyUserIsAbleToSearchAUser()[pri:2, instance:testscripts.AdminUsersTest@626abbd0]" started-at="2026-03-27T09:14:08 IST" name="verifyUserIsAbleToSearchAUser" description="Validating the user is able to search a user" finished-at="2026-03-27T09:14:15 IST" duration-ms="6414" status="PASS">
          <reporter-output>
          </reporter-output>
        </test-method> <!-- verifyUserIsAbleToSearchAUser -->
        <test-method is-config="true" signature="driverQuit(org.testng.ITestResult)[pri:0, instance:testscripts.AdminUsersTest@626abbd0]" started-at="2026-03-27T09:14:15 IST" name="driverQuit" finished-at="2026-03-27T09:14:15 IST" duration-ms="2" status="PASS">
          <params>
            <param index="0">
              <value>
                <![CDATA[[TestResult name=verifyUserIsAbleToSearchAUser status=SUCCESS method=AdminUsersTest.verifyUserIsAbleToSearchAUser()[pri:2, instance:testscripts.AdminUsersTest@626abbd0] output={null}]]]>
              </value>
            </param>
          </params>
          <reporter-output>
          </reporter-output>
        </test-method> <!-- driverQuit -->
        <test-method is-config="true" signature="browserLaunch(java.lang.String)[pri:0, instance:testscripts.AdminUsersTest@626abbd0]" started-at="2026-03-27T09:14:15 IST" name="browserLaunch" finished-at="2026-03-27T09:14:20 IST" duration-ms="5140" status="PASS">
          <params>
            <param index="0">
              <value>
                <![CDATA[chrome]]>
              </value>
            </param>
          </params>
          <reporter-output>
          </reporter-output>
        </test-method> <!-- browserLaunch -->
        <test-method signature="verifyUserIsAbleToResetSearchUserList()[pri:3, instance:testscripts.AdminUsersTest@626abbd0]" started-at="2026-03-27T09:14:20 IST" name="verifyUserIsAbleToResetSearchUserList" description="Validating the reset action on users list" finished-at="2026-03-27T09:14:26 IST" duration-ms="5823" status="PASS">
          <reporter-output>
          </reporter-output>
        </test-method> <!-- verifyUserIsAbleToResetSearchUserList -->
        <test-method is-config="true" signature="driverQuit(org.testng.ITestResult)[pri:0, instance:testscripts.AdminUsersTest@626abbd0]" started-at="2026-03-27T09:14:26 IST" name="driverQuit" finished-at="2026-03-27T09:14:26 IST" duration-ms="1" status="PASS">
          <params>
            <param index="0">
              <value>
                <![CDATA[[TestResult name=verifyUserIsAbleToResetSearchUserList status=SUCCESS method=AdminUsersTest.verifyUserIsAbleToResetSearchUserList()[pri:3, instance:testscripts.AdminUsersTest@626abbd0] output={null}]]]>
              </value>
            </param>
          </params>
          <reporter-output>
          </reporter-output>
        </test-method> <!-- driverQuit -->
      </class> <!-- testscripts.AdminUsersTest -->
    </test> <!-- Test -->
  </suite> <!-- Suite -->
</testng-results>
