<?xml version="1.0" encoding="UTF-8"?>
<testng-results ignored="0" total="3" passed="3" failed="0" skipped="0">
  <reporter-output>
  </reporter-output>
  <suite started-at="2026-03-29T11:42:49 IST" name="Suite" finished-at="2026-03-29T11:43:24 IST" duration-ms="35165">
    <groups>
    </groups>
    <test started-at="2026-03-29T11:42:49 IST" name="Test" finished-at="2026-03-29T11:43:24 IST" duration-ms="35165">
      <class name="testscripts.AdminUsersTest">
        <test-method is-config="true" signature="browserLaunch(java.lang.String)[pri:0, instance:testscripts.AdminUsersTest@626abbd0]" started-at="2026-03-29T11:42:49 IST" name="browserLaunch" finished-at="2026-03-29T11:42:55 IST" duration-ms="5896" status="PASS">
          <params>
            <param index="0">
              <value>
                <![CDATA[chrome]]>
              </value>
            </param>
          </params>
          <reporter-output>
          </reporter-output>
        </test-method> <!-- browserLaunch -->
        <test-method signature="verifyWhetherUserIsAbleToAddNewUser()[pri:1, instance:testscripts.AdminUsersTest@626abbd0]" started-at="2026-03-29T11:42:55 IST" name="verifyWhetherUserIsAbleToAddNewUser" description="Validating the user is able to adda a new user" finished-at="2026-03-29T11:43:02 IST" duration-ms="7244" status="PASS">
          <reporter-output>
          </reporter-output>
        </test-method> <!-- verifyWhetherUserIsAbleToAddNewUser -->
        <test-method is-config="true" signature="driverQuit(org.testng.ITestResult)[pri:0, instance:testscripts.AdminUsersTest@626abbd0]" started-at="2026-03-29T11:43:02 IST" name="driverQuit" finished-at="2026-03-29T11:43:02 IST" duration-ms="7" status="PASS">
          <params>
            <param index="0">
              <value>
                <![CDATA[[TestResult name=verifyWhetherUserIsAbleToAddNewUser status=SUCCESS method=AdminUsersTest.verifyWhetherUserIsAbleToAddNewUser()[pri:1, instance:testscripts.AdminUsersTest@626abbd0] output={null}]]]>
              </value>
            </param>
          </params>
          <reporter-output>
          </reporter-output>
        </test-method> <!-- driverQuit -->
        <test-method is-config="true" signature="browserLaunch(java.lang.String)[pri:0, instance:testscripts.AdminUsersTest@626abbd0]" started-at="2026-03-29T11:43:02 IST" name="browserLaunch" finished-at="2026-03-29T11:43:08 IST" duration-ms="5350" status="PASS">
          <params>
            <param index="0">
              <value>
                <![CDATA[chrome]]>
              </value>
            </param>
          </params>
          <reporter-output>
          </reporter-output>
        </test-method> <!-- browserLaunch -->
        <test-method signature="verifyUserIsAbleToSearchAUser()[pri:2, instance:testscripts.AdminUsersTest@626abbd0]" started-at="2026-03-29T11:43:08 IST" name="verifyUserIsAbleToSearchAUser" description="Validating the user is able to search a user" finished-at="2026-03-29T11:43:14 IST" duration-ms="6567" status="PASS">
          <reporter-output>
          </reporter-output>
        </test-method> <!-- verifyUserIsAbleToSearchAUser -->
        <test-method is-config="true" signature="driverQuit(org.testng.ITestResult)[pri:0, instance:testscripts.AdminUsersTest@626abbd0]" started-at="2026-03-29T11:43:14 IST" name="driverQuit" finished-at="2026-03-29T11:43:14 IST" duration-ms="7" status="PASS">
          <params>
            <param index="0">
              <value>
                <![CDATA[[TestResult name=verifyUserIsAbleToSearchAUser status=SUCCESS method=AdminUsersTest.verifyUserIsAbleToSearchAUser()[pri:2, instance:testscripts.AdminUsersTest@626abbd0] output={null}]]]>
              </value>
            </param>
          </params>
          <reporter-output>
          </reporter-output>
        </test-method> <!-- driverQuit -->
        <test-method is-config="true" signature="browserLaunch(java.lang.String)[pri:0, instance:testscripts.AdminUsersTest@626abbd0]" started-at="2026-03-29T11:43:14 IST" name="browserLaunch" finished-at="2026-03-29T11:43:19 IST" duration-ms="5065" status="PASS">
          <params>
            <param index="0">
              <value>
                <![CDATA[chrome]]>
              </value>
            </param>
          </params>
          <reporter-output>
          </reporter-output>
        </test-method> <!-- browserLaunch -->
        <test-method signature="verifyUserIsAbleToResetSearchUserList()[pri:3, instance:testscripts.AdminUsersTest@626abbd0]" started-at="2026-03-29T11:43:19 IST" name="verifyUserIsAbleToResetSearchUserList" description="Validating the reset action on users list" finished-at="2026-03-29T11:43:24 IST" duration-ms="4894" status="PASS">
          <reporter-output>
          </reporter-output>
        </test-method> <!-- verifyUserIsAbleToResetSearchUserList -->
        <test-method is-config="true" signature="driverQuit(org.testng.ITestResult)[pri:0, instance:testscripts.AdminUsersTest@626abbd0]" started-at="2026-03-29T11:43:24 IST" name="driverQuit" finished-at="2026-03-29T11:43:24 IST" duration-ms="1" status="PASS">
          <params>
            <param index="0">
              <value>
                <![CDATA[[TestResult name=verifyUserIsAbleToResetSearchUserList status=SUCCESS method=AdminUsersTest.verifyUserIsAbleToResetSearchUserList()[pri:3, instance:testscripts.AdminUsersTest@626abbd0] output={null}]]]>
              </value>
            </param>
          </params>
          <reporter-output>
          </reporter-output>
        </test-method> <!-- driverQuit -->
      </class> <!-- testscripts.AdminUsersTest -->
    </test> <!-- Test -->
  </suite> <!-- Suite -->
</testng-results>
